<?xml version="1.0" encoding="UTF-8"?>
<!-- Generated by org.testng.reporters.JUnitXMLReporter -->
<testsuite hostname="Win7Prof-PC" name="Tests" tests="6" failures="0" timestamp="19 Sep 2017 04:19:10 GMT" time="0.026" errors="0">
  <testcase name="@BeforeTest setUp" time="0.0" classname="tests.HomeTests">
    <failure type="java.lang.NullPointerException">
      <![CDATA[java.lang.NullPointerException
	at pageobjects.BaseObjects.visit(BaseObjects.java:80)
	at tests.HomeTests.setUp(HomeTests.java:25)
	at org.apache.maven.surefire.testng.TestNGExecutor.run(TestNGExecutor.java:283)
	at org.apache.maven.surefire.testng.TestNGXmlTestSuite.execute(TestNGXmlTestSuite.java:75)
	at org.apache.maven.surefire.testng.TestNGProvider.invoke(TestNGProvider.java:120)
	at org.apache.maven.surefire.booter.ForkedBooter.invokeProviderInSameClassLoader(ForkedBooter.java:373)
	at org.apache.maven.surefire.booter.ForkedBooter.runSuitesInProcess(ForkedBooter.java:334)
	at org.apache.maven.surefire.booter.ForkedBooter.execute(ForkedBooter.java:119)
	at org.apache.maven.surefire.booter.ForkedBooter.main(ForkedBooter.java:407)
... Removed 19 stack frames]]>
    </failure>
  </testcase> <!-- @BeforeTest setUp -->
  <testcase name="@BeforeTest setUp" time="0.0" classname="tests.HomeTests">
    <skipped/>
  </testcase> <!-- @BeforeTest setUp -->
  <testcase name="TC_0201_verifyInvalidEmailAddress" time="0.001" classname="tests.HomeTests">
    <skipped/>
  </testcase> <!-- TC_0201_verifyInvalidEmailAddress -->
  <testcase name="TC_0201_verifyValidEmailAddress" time="0.0" classname="tests.HomeTests">
    <skipped/>
  </testcase> <!-- TC_0201_verifyValidEmailAddress -->
  <testcase name="TC_0101_shoeListIsPopulatingSuccessfully" time="0.0" classname="tests.JanuaryTests">
    <skipped/>
  </testcase> <!-- TC_0101_shoeListIsPopulatingSuccessfully -->
  <testcase name="TC_0102_imageForShoeListPopulatingSuccessfully" time="0.001" classname="tests.JanuaryTests">
    <skipped/>
  </testcase> <!-- TC_0102_imageForShoeListPopulatingSuccessfully -->
  <testcase name="TC_0103_blurbForShoeListDisplayedSuccessfully" time="0.0" classname="tests.JanuaryTests">
    <skipped/>
  </testcase> <!-- TC_0103_blurbForShoeListDisplayedSuccessfully -->
  <testcase name="TC_0104_priceForShoeListDisplayedSuccessfully" time="0.0" classname="tests.JanuaryTests">
    <skipped/>
  </testcase> <!-- TC_0104_priceForShoeListDisplayedSuccessfully -->
</testsuite> <!-- Tests -->
