<?xml version="1.0" encoding="UTF-8"?>
<testsuite xmlns:xsi="http://www.w3.org/2001/XMLSchema-instance" xsi:noNamespaceSchemaLocation="https://maven.apache.org/surefire/maven-surefire-plugin/xsd/surefire-test-report.xsd" name="TestSuite" time="3.178" tests="9" errors="0" skipped="8" failures="1">
  <properties>
[...]
</properties>
  <testcase name="setUp" classname="tests.HomeTests" time="3.074">
    <failure type="java.lang.NullPointerException">java.lang.NullPointerException
	at tests.HomeTests.setUp(HomeTests.java:25)
</failure>
    <system-out><![CDATA[09-19 00:19:08.221 INFO  BaseTests:73 - Setting WebDriver to: C:\Users\Win7Prof\Documents\GitHub\shoestoremanheim/drivers/chromedriver_win32.exe
09-19 00:19:10.861 INFO  BaseObjects:79 - Getting page: http://shoestore-manheim.rhcloud.com/
]]></system-out>
    <system-err><![CDATA[Starting ChromeDriver 2.27.440174 (e97a722caafc2d3a8b807ee115bfb307f7d2cfd9) on port 42578
Only local connections are allowed.
Sep 19, 2017 12:19:09 AM org.openqa.selenium.remote.ProtocolHandshake createSession
INFO: Attempting bi-dialect session, assuming Postel's Law holds true on the remote end
Sep 19, 2017 12:19:10 AM org.openqa.selenium.remote.ProtocolHandshake createSession
INFO: Detected dialect: OSS
]]></system-err>
  </testcase>
  <testcase name="setUp" classname="tests.HomeTests" time="0">
    <skipped/>
  </testcase>
  <testcase name="TC_0201_verifyInvalidEmailAddress" classname="tests.HomeTests" time="0">
    <skipped/>
  </testcase>
  <testcase name="TC_0201_verifyValidEmailAddress" classname="tests.HomeTests" time="0">
    <skipped/>
  </testcase>
  <testcase name="TC_0101_shoeListIsPopulatingSuccessfully" classname="tests.JanuaryTests" time="0">
    <skipped/>
  </testcase>
  <testcase name="TC_0102_imageForShoeListPopulatingSuccessfully" classname="tests.JanuaryTests" time="0">
    <skipped/>
  </testcase>
  <testcase name="TC_0103_blurbForShoeListDisplayedSuccessfully" classname="tests.JanuaryTests" time="0">
    <skipped/>
  </testcase>
  <testcase name="TC_0104_priceForShoeListDisplayedSuccessfully" classname="tests.JanuaryTests" time="0">
    <skipped/>
  </testcase>
  <testcase name="teardown" classname="tests.JanuaryTests" time="0">
    <skipped/>
  </testcase>
</testsuite>