<?xml version="1.0" encoding="UTF-8"?>
<testng-results skipped="6" failed="0" total="6" passed="0">
  <reporter-output>
  </reporter-output>
  <suite name="Regression Suite" duration-ms="26" started-at="2017-09-19T04:19:10Z" finished-at="2017-09-19T04:19:10Z">
    <groups>
    </groups>
    <test name="Tests" duration-ms="26" started-at="2017-09-19T04:19:10Z" finished-at="2017-09-19T04:19:10Z">
      <class name="tests.HomeTests">
        <test-method status="FAIL" signature="setUp()[pri:0, instance:tests.HomeTests@4dfa3a9d]" name="setUp" is-config="true" duration-ms="0" started-at="2017-09-19T00:19:10Z" finished-at="2017-09-19T00:19:10Z">
          <exception class="java.lang.NullPointerException">
            <full-stacktrace>
              <![CDATA[java.lang.NullPointerException
	at pageobjects.BaseObjects.visit(BaseObjects.java:80)
	at tests.HomeTests.setUp(HomeTests.java:25)
	at sun.reflect.NativeMethodAccessorImpl.invoke0(Native Method)
	at sun.reflect.NativeMethodAccessorImpl.invoke(NativeMethodAccessorImpl.java:62)
	at sun.reflect.DelegatingMethodAccessorImpl.invoke(DelegatingMethodAccessorImpl.java:43)
	at java.lang.reflect.Method.invoke(Method.java:498)
	at org.testng.internal.MethodInvocationHelper.invokeMethod(MethodInvocationHelper.java:80)
	at org.testng.internal.Invoker.invokeConfigurationMethod(Invoker.java:564)
	at org.testng.internal.Invoker.invokeConfigurations(Invoker.java:213)
	at org.testng.internal.Invoker.invokeConfigurations(Invoker.java:138)
	at org.testng.TestRunner.beforeRun(TestRunner.java:641)
	at org.testng.TestRunner.run(TestRunner.java:609)
	at org.testng.SuiteRunner.runTest(SuiteRunner.java:334)
	at org.testng.SuiteRunner.runSequentially(SuiteRunner.java:329)
	at org.testng.SuiteRunner.privateRun(SuiteRunner.java:291)
	at org.testng.SuiteRunner.run(SuiteRunner.java:240)
	at org.testng.SuiteRunnerWorker.runSuite(SuiteRunnerWorker.java:52)
	at org.testng.SuiteRunnerWorker.run(SuiteRunnerWorker.java:86)
	at org.testng.TestNG.runSuitesSequentially(TestNG.java:1198)
	at org.testng.TestNG.runSuitesLocally(TestNG.java:1123)
	at org.testng.TestNG.run(TestNG.java:1031)
	at org.apache.maven.surefire.testng.TestNGExecutor.run(TestNGExecutor.java:283)
	at org.apache.maven.surefire.testng.TestNGXmlTestSuite.execute(TestNGXmlTestSuite.java:75)
	at org.apache.maven.surefire.testng.TestNGProvider.invoke(TestNGProvider.java:120)
	at org.apache.maven.surefire.booter.ForkedBooter.invokeProviderInSameClassLoader(ForkedBooter.java:373)
	at org.apache.maven.surefire.booter.ForkedBooter.runSuitesInProcess(ForkedBooter.java:334)
	at org.apache.maven.surefire.booter.ForkedBooter.execute(ForkedBooter.java:119)
	at org.apache.maven.surefire.booter.ForkedBooter.main(ForkedBooter.java:407)
]]>
            </full-stacktrace>
          </exception> <!-- java.lang.NullPointerException -->
          <reporter-output>
          </reporter-output>
        </test-method> <!-- setUp -->
        <test-method status="SKIP" signature="setUp()[pri:0, instance:tests.JanuaryTests@6d4b1c02]" name="setUp" is-config="true" duration-ms="0" started-at="2017-09-19T00:19:10Z" finished-at="2017-09-19T00:19:10Z">
          <reporter-output>
          </reporter-output>
        </test-method> <!-- setUp -->
        <test-method status="SKIP" signature="TC_0201_verifyInvalidEmailAddress()[pri:0, instance:tests.HomeTests@4dfa3a9d]" name="TC_0201_verifyInvalidEmailAddress" duration-ms="1" started-at="2017-09-19T00:19:10Z" finished-at="2017-09-19T00:19:10Z">
          <reporter-output>
          </reporter-output>
        </test-method> <!-- TC_0201_verifyInvalidEmailAddress -->
        <test-method status="SKIP" signature="TC_0201_verifyValidEmailAddress()[pri:0, instance:tests.HomeTests@4dfa3a9d]" name="TC_0201_verifyValidEmailAddress" duration-ms="0" started-at="2017-09-19T00:19:10Z" finished-at="2017-09-19T00:19:10Z">
          <reporter-output>
          </reporter-output>
        </test-method> <!-- TC_0201_verifyValidEmailAddress -->
      </class> <!-- tests.HomeTests -->
      <class name="tests.JanuaryTests">
        <test-method status="PASS" signature="setup()[pri:0, instance:tests.JanuaryTests@6d4b1c02]" name="setup" is-config="true" duration-ms="2645" started-at="2017-09-19T00:19:08Z" finished-at="2017-09-19T00:19:10Z">
          <reporter-output>
          </reporter-output>
        </test-method> <!-- setup -->
        <test-method status="SKIP" signature="TC_0102_imageForShoeListPopulatingSuccessfully()[pri:0, instance:tests.JanuaryTests@6d4b1c02]" name="TC_0102_imageForShoeListPopulatingSuccessfully" duration-ms="1" started-at="2017-09-19T00:19:10Z" depends-on-methods="tests.JanuaryTests.TC_0101_shoeListIsPopulatingSuccessfully" finished-at="2017-09-19T00:19:10Z">
          <reporter-output>
          </reporter-output>
        </test-method> <!-- TC_0102_imageForShoeListPopulatingSuccessfully -->
        <test-method status="SKIP" signature="TC_0101_shoeListIsPopulatingSuccessfully()[pri:0, instance:tests.JanuaryTests@6d4b1c02]" name="TC_0101_shoeListIsPopulatingSuccessfully" duration-ms="0" started-at="2017-09-19T00:19:10Z" finished-at="2017-09-19T00:19:10Z">
          <reporter-output>
          </reporter-output>
        </test-method> <!-- TC_0101_shoeListIsPopulatingSuccessfully -->
        <test-method status="SKIP" signature="TC_0104_priceForShoeListDisplayedSuccessfully()[pri:0, instance:tests.JanuaryTests@6d4b1c02]" name="TC_0104_priceForShoeListDisplayedSuccessfully" duration-ms="0" started-at="2017-09-19T00:19:10Z" depends-on-methods="tests.JanuaryTests.TC_0101_shoeListIsPopulatingSuccessfully" finished-at="2017-09-19T00:19:10Z">
          <reporter-output>
          </reporter-output>
        </test-method> <!-- TC_0104_priceForShoeListDisplayedSuccessfully -->
        <test-method status="SKIP" signature="TC_0103_blurbForShoeListDisplayedSuccessfully()[pri:0, instance:tests.JanuaryTests@6d4b1c02]" name="TC_0103_blurbForShoeListDisplayedSuccessfully" duration-ms="0" started-at="2017-09-19T00:19:10Z" depends-on-methods="tests.JanuaryTests.TC_0101_shoeListIsPopulatingSuccessfully" finished-at="2017-09-19T00:19:10Z">
          <reporter-output>
          </reporter-output>
        </test-method> <!-- TC_0103_blurbForShoeListDisplayedSuccessfully -->
        <test-method status="SKIP" signature="teardown()[pri:0, instance:tests.JanuaryTests@6d4b1c02]" name="teardown" is-config="true" duration-ms="0" started-at="2017-09-19T00:19:10Z" finished-at="2017-09-19T00:19:10Z">
          <reporter-output>
          </reporter-output>
        </test-method> <!-- teardown -->
      </class> <!-- tests.JanuaryTests -->
    </test> <!-- Tests -->
  </suite> <!-- Regression Suite -->
</testng-results>
